<?xml version="1.0" encoding="UTF-8"?>
<coverage generated="1786675020064" clover="3.2.0">
  <project timestamp="1786675020064" name="All files">
    <metrics statements="20" coveredstatements="17" conditionals="12" coveredconditionals="8" methods="4" coveredmethods="4" elements="36" coveredelements="29" complexity="0" loc="20" ncloc="20" packages="1" files="1" classes="1"/>
    <file name="DecisionEngine.ts" path="/home/lucas/Proyectos/motorDecision/src/domain/DecisionEngine.ts">
      <metrics statements="20" coveredstatements="17" conditionals="12" coveredconditionals="8" methods="4" coveredmethods="4"/>
      <line num="22" count="1" type="stmt"/>
      <line num="27" count="20" type="stmt"/>
      <line num="28" count="4" type="cond" truecount="1" falsecount="1"/>
      <line num="29" count="0" type="stmt"/>
      <line num="31" count="4" type="stmt"/>
      <line num="35" count="6" type="stmt"/>
      <line num="36" count="6" type="cond" truecount="1" falsecount="1"/>
      <line num="37" count="0" type="stmt"/>
      <line num="39" count="6" type="stmt"/>
      <line num="43" count="3" type="stmt"/>
      <line num="45" count="3" type="stmt"/>
      <line num="46" count="4" type="cond" truecount="4" falsecount="0"/>
      <line num="47" count="2" type="stmt"/>
      <line num="48" count="2" type="cond" truecount="1" falsecount="1"/>
      <line num="49" count="2" type="stmt"/>
      <line num="51" count="2" type="cond" truecount="1" falsecount="1"/>
      <line num="52" count="0" type="stmt"/>
      <line num="58" count="2" type="stmt"/>
      <line num="59" count="2" type="stmt"/>
      <line num="65" count="1" type="stmt"/>
    </file>
  </project>
</coverage>
