<?xml version="1.0" encoding="UTF-8"?>
<coverage generated="1786676523467" clover="3.2.0">
  <project timestamp="1786676523467" name="All files">
    <metrics statements="29" coveredstatements="29" conditionals="15" coveredconditionals="15" methods="7" coveredmethods="7" elements="51" coveredelements="51" complexity="0" loc="29" ncloc="29" packages="1" files="2" classes="2"/>
    <file name="DecisionEngine.ts" path="/home/lucas/Proyectos/motorDecision/src/DecisionEngine.ts">
      <metrics statements="20" coveredstatements="20" conditionals="12" coveredconditionals="12" methods="4" coveredmethods="4"/>
      <line num="22" count="1" type="stmt"/>
      <line num="27" count="37" type="stmt"/>
      <line num="28" count="8" type="cond" truecount="2" falsecount="0"/>
      <line num="29" count="1" type="stmt"/>
      <line num="31" count="7" type="stmt"/>
      <line num="35" count="10" type="stmt"/>
      <line num="36" count="10" type="cond" truecount="2" falsecount="0"/>
      <line num="37" count="1" type="stmt"/>
      <line num="39" count="9" type="stmt"/>
      <line num="43" count="5" type="stmt"/>
      <line num="45" count="5" type="stmt"/>
      <line num="46" count="6" type="cond" truecount="4" falsecount="0"/>
      <line num="47" count="4" type="stmt"/>
      <line num="48" count="4" type="cond" truecount="2" falsecount="0"/>
      <line num="49" count="3" type="stmt"/>
      <line num="51" count="3" type="cond" truecount="2" falsecount="0"/>
      <line num="52" count="1" type="stmt"/>
      <line num="58" count="3" type="stmt"/>
      <line num="59" count="3" type="stmt"/>
      <line num="65" count="2" type="stmt"/>
    </file>
    <file name="JsonFlowAdapter.ts" path="/home/lucas/Proyectos/motorDecision/src/JsonFlowAdapter.ts">
      <metrics statements="9" coveredstatements="9" conditionals="3" coveredconditionals="3" methods="3" coveredmethods="3"/>
      <line num="1" count="1" type="stmt"/>
      <line num="5" count="1" type="stmt"/>
      <line num="10" count="3" type="cond" truecount="2" falsecount="0"/>
      <line num="11" count="1" type="stmt"/>
      <line num="13" count="2" type="stmt"/>
      <line num="14" count="2" type="stmt"/>
      <line num="15" count="2" type="stmt"/>
      <line num="19" count="1" type="stmt"/>
      <line num="23" count="2" type="stmt"/>
    </file>
  </project>
</coverage>
