{"/home/lucas/Proyectos/motorDecision/src/DecisionEngine.ts": {"path":"/home/lucas/Proyectos/motorDecision/src/DecisionEngine.ts","statementMap":{"0":{"start":{"line":27,"column":4},"end":{"line":27,"column":55}},"1":{"start":{"line":27,"column":43},"end":{"line":27,"column":52}},"2":{"start":{"line":28,"column":4},"end":{"line":30,"column":5}},"3":{"start":{"line":29,"column":6},"end":{"line":29,"column":73}},"4":{"start":{"line":31,"column":4},"end":{"line":31,"column":38}},"5":{"start":{"line":35,"column":17},"end":{"line":35,"column":54}},"6":{"start":{"line":36,"column":4},"end":{"line":38,"column":5}},"7":{"start":{"line":37,"column":6},"end":{"line":37,"column":90}},"8":{"start":{"line":39,"column":4},"end":{"line":39,"column":16}},"9":{"start":{"line":43,"column":24},"end":{"line":43,"column":45}},"10":{"start":{"line":45,"column":4},"end":{"line":62,"column":5}},"11":{"start":{"line":46,"column":6},"end":{"line":61,"column":7}},"12":{"start":{"line":47,"column":25},"end":{"line":47,"column":57}},"13":{"start":{"line":48,"column":8},"end":{"line":60,"column":9}},"14":{"start":{"line":49,"column":43},"end":{"line":49,"column":55}},"15":{"start":{"line":51,"column":10},"end":{"line":56,"column":11}},"16":{"start":{"line":52,"column":12},"end":{"line":55,"column":14}},"17":{"start":{"line":58,"column":10},"end":{"line":58,"column":43}},"18":{"start":{"line":59,"column":10},"end":{"line":59,"column":24}},"19":{"start":{"line":65,"column":4},"end":{"line":68,"column":6}},"20":{"start":{"line":22,"column":0},"end":{"line":22,"column":13}}},"fnMap":{"0":{"name":"(anonymous_0)","decl":{"start":{"line":26,"column":2},"end":{"line":26,"column":14}},"loc":{"start":{"line":26,"column":57},"end":{"line":32,"column":3}}},"1":{"name":"(anonymous_1)","decl":{"start":{"line":27,"column":38},"end":{"line":27,"column":39}},"loc":{"start":{"line":27,"column":43},"end":{"line":27,"column":52}}},"2":{"name":"(anonymous_2)","decl":{"start":{"line":34,"column":2},"end":{"line":34,"column":16}},"loc":{"start":{"line":34,"column":16},"end":{"line":40,"column":3}}},"3":{"name":"(anonymous_3)","decl":{"start":{"line":42,"column":2},"end":{"line":42,"column":15}},"loc":{"start":{"line":42,"column":30},"end":{"line":69,"column":3}}}},"branchMap":{"0":{"loc":{"start":{"line":28,"column":4},"end":{"line":30,"column":5}},"type":"if","locations":[{"start":{"line":28,"column":4},"end":{"line":30,"column":5}},{"start":{},"end":{}}]},"1":{"loc":{"start":{"line":36,"column":4},"end":{"line":38,"column":5}},"type":"if","locations":[{"start":{"line":36,"column":4},"end":{"line":38,"column":5}},{"start":{},"end":{}}]},"2":{"loc":{"start":{"line":46,"column":6},"end":{"line":61,"column":7}},"type":"if","locations":[{"start":{"line":46,"column":6},"end":{"line":61,"column":7}},{"start":{},"end":{}}]},"3":{"loc":{"start":{"line":46,"column":10},"end":{"line":46,"column":85}},"type":"binary-expr","locations":[{"start":{"line":46,"column":10},"end":{"line":46,"column":30}},{"start":{"line":46,"column":34},"end":{"line":46,"column":85}}]},"4":{"loc":{"start":{"line":48,"column":8},"end":{"line":60,"column":9}},"type":"if","locations":[{"start":{"line":48,"column":8},"end":{"line":60,"column":9}},{"start":{},"end":{}}]},"5":{"loc":{"start":{"line":51,"column":10},"end":{"line":56,"column":11}},"type":"if","locations":[{"start":{"line":51,"column":10},"end":{"line":56,"column":11}},{"start":{},"end":{}}]}},"s":{"0":8,"1":37,"2":8,"3":1,"4":7,"5":10,"6":10,"7":1,"8":9,"9":5,"10":5,"11":6,"12":4,"13":4,"14":3,"15":3,"16":1,"17":3,"18":3,"19":2,"20":1},"f":{"0":8,"1":37,"2":10,"3":5},"b":{"0":[1,7],"1":[1,9],"2":[4,2],"3":[6,4],"4":[3,1],"5":[1,2]}}
,"/home/lucas/Proyectos/motorDecision/src/JsonFlowAdapter.ts": {"path":"/home/lucas/Proyectos/motorDecision/src/JsonFlowAdapter.ts","statementMap":{"0":{"start":{"line":1,"column":0},"end":{"line":1,"column":25}},"1":{"start":{"line":10,"column":4},"end":{"line":12,"column":5}},"2":{"start":{"line":11,"column":6},"end":{"line":11,"column":73}},"3":{"start":{"line":13,"column":24},"end":{"line":13,"column":58}},"4":{"start":{"line":14,"column":4},"end":{"line":14,"column":58}},"5":{"start":{"line":15,"column":4},"end":{"line":15,"column":39}},"6":{"start":{"line":19,"column":4},"end":{"line":19,"column":21}},"7":{"start":{"line":23,"column":4},"end":{"line":23,"column":30}},"8":{"start":{"line":5,"column":0},"end":{"line":5,"column":13}}},"fnMap":{"0":{"name":"(anonymous_9)","decl":{"start":{"line":9,"column":2},"end":{"line":9,"column":14}},"loc":{"start":{"line":9,"column":69},"end":{"line":16,"column":3}}},"1":{"name":"(anonymous_10)","decl":{"start":{"line":18,"column":2},"end":{"line":18,"column":9}},"loc":{"start":{"line":18,"column":9},"end":{"line":20,"column":3}}},"2":{"name":"(anonymous_11)","decl":{"start":{"line":22,"column":2},"end":{"line":22,"column":18}},"loc":{"start":{"line":22,"column":18},"end":{"line":24,"column":3}}}},"branchMap":{"0":{"loc":{"start":{"line":9,"column":32},"end":{"line":9,"column":69}},"type":"default-arg","locations":[{"start":{"line":9,"column":56},"end":{"line":9,"column":69}}]},"1":{"loc":{"start":{"line":10,"column":4},"end":{"line":12,"column":5}},"type":"if","locations":[{"start":{"line":10,"column":4},"end":{"line":12,"column":5}},{"start":{},"end":{}}]}},"s":{"0":1,"1":3,"2":1,"3":2,"4":2,"5":2,"6":1,"7":2,"8":1},"f":{"0":3,"1":1,"2":2},"b":{"0":[2],"1":[1,2]}}
}
