TN:
SF:src/domain/DecisionEngine.ts
FN:26,(anonymous_0)
FN:27,(anonymous_1)
FN:34,(anonymous_2)
FN:42,(anonymous_3)
FNF:4
FNH:4
FNDA:4,(anonymous_0)
FNDA:20,(anonymous_1)
FNDA:6,(anonymous_2)
FNDA:3,(anonymous_3)
DA:22,1
DA:27,20
DA:28,4
DA:29,0
DA:31,4
DA:35,6
DA:36,6
DA:37,0
DA:39,6
DA:43,3
DA:45,3
DA:46,4
DA:47,2
DA:48,2
DA:49,2
DA:51,2
DA:52,0
DA:58,2
DA:59,2
DA:65,1
LF:20
LH:17
BRDA:28,0,0,0
BRDA:28,0,1,4
BRDA:36,1,0,0
BRDA:36,1,1,6
BRDA:46,2,0,2
BRDA:46,2,1,2
BRDA:46,3,0,4
BRDA:46,3,1,3
BRDA:48,4,0,2
BRDA:48,4,1,0
BRDA:51,5,0,0
BRDA:51,5,1,2
BRF:12
BRH:8
end_of_record
