TN:
SF:src/DecisionEngine.ts
FN:26,(anonymous_0)
FN:27,(anonymous_1)
FN:34,(anonymous_2)
FN:42,(anonymous_3)
FNF:4
FNH:4
FNDA:8,(anonymous_0)
FNDA:37,(anonymous_1)
FNDA:10,(anonymous_2)
FNDA:5,(anonymous_3)
DA:22,1
DA:27,37
DA:28,8
DA:29,1
DA:31,7
DA:35,10
DA:36,10
DA:37,1
DA:39,9
DA:43,5
DA:45,5
DA:46,6
DA:47,4
DA:48,4
DA:49,3
DA:51,3
DA:52,1
DA:58,3
DA:59,3
DA:65,2
LF:20
LH:20
BRDA:28,0,0,1
BRDA:28,0,1,7
BRDA:36,1,0,1
BRDA:36,1,1,9
BRDA:46,2,0,4
BRDA:46,2,1,2
BRDA:46,3,0,6
BRDA:46,3,1,4
BRDA:48,4,0,3
BRDA:48,4,1,1
BRDA:51,5,0,1
BRDA:51,5,1,2
BRF:12
BRH:12
end_of_record
TN:
SF:src/JsonFlowAdapter.ts
FN:9,(anonymous_9)
FN:18,(anonymous_10)
FN:22,(anonymous_11)
FNF:3
FNH:3
FNDA:3,(anonymous_9)
FNDA:1,(anonymous_10)
FNDA:2,(anonymous_11)
DA:1,1
DA:5,1
DA:10,3
DA:11,1
DA:13,2
DA:14,2
DA:15,2
DA:19,1
DA:23,2
LF:9
LH:9
BRDA:9,0,0,2
BRDA:10,1,0,1
BRDA:10,1,1,2
BRF:3
BRH:3
end_of_record
